<?xml version="1.0" encoding="UTF-8"?>
<!-- Generated by org.testng.reporters.JUnitXMLReporter -->
<testsuite ignored="0" hostname="DESKTOP-KR3QMJH" failures="0" tests="3" name="Default test" time="18.117" errors="0" timestamp="2025-05-20T11:54:11 IST">
  <testcase classname="isdispalyenableselected.IsDisplayEnableSelected" name="IsDisplayed" time="8.41"/>
  <testcase classname="isdispalyenableselected.IsDisplayEnableSelected" name="IsEnable" time="2.72"/>
  <testcase classname="isdispalyenableselected.IsDisplayEnableSelected" name="IsSelect" time="2.796"/>
</testsuite> <!-- Default test -->
