<?xml version="1.0" encoding="UTF-8"?>
<testng-results ignored="0" total="3" passed="3" failed="0" skipped="0">
  <reporter-output>
  </reporter-output>
  <suite started-at="2025-05-20T11:53:53 IST" name="Default suite" finished-at="2025-05-20T11:54:11 IST" duration-ms="18117">
    <groups>
    </groups>
    <test started-at="2025-05-20T11:53:53 IST" name="Default test" finished-at="2025-05-20T11:54:11 IST" duration-ms="18117">
      <class name="isdispalyenableselected.IsDisplayEnableSelected">
        <test-method is-config="true" signature="beforeTest()[pri:0, instance:isdispalyenableselected.IsDisplayEnableSelected@62ddbd7e]" started-at="2025-05-20T11:53:53 IST" name="beforeTest" finished-at="2025-05-20T11:53:57 IST" duration-ms="4066" status="PASS">
          <reporter-output>
          </reporter-output>
        </test-method> <!-- beforeTest -->
        <test-method signature="IsDisplayed()[pri:0, instance:isdispalyenableselected.IsDisplayEnableSelected@62ddbd7e]" started-at="2025-05-20T11:53:57 IST" name="IsDisplayed" finished-at="2025-05-20T11:54:06 IST" duration-ms="8410" status="PASS">
          <reporter-output>
          </reporter-output>
        </test-method> <!-- IsDisplayed -->
        <test-method signature="IsEnable()[pri:0, instance:isdispalyenableselected.IsDisplayEnableSelected@62ddbd7e]" started-at="2025-05-20T11:54:06 IST" name="IsEnable" finished-at="2025-05-20T11:54:08 IST" duration-ms="2720" status="PASS">
          <reporter-output>
          </reporter-output>
        </test-method> <!-- IsEnable -->
        <test-method signature="IsSelect()[pri:0, instance:isdispalyenableselected.IsDisplayEnableSelected@62ddbd7e]" started-at="2025-05-20T11:54:08 IST" name="IsSelect" finished-at="2025-05-20T11:54:11 IST" duration-ms="2796" status="PASS">
          <reporter-output>
          </reporter-output>
        </test-method> <!-- IsSelect -->
      </class> <!-- isdispalyenableselected.IsDisplayEnableSelected -->
    </test> <!-- Default test -->
  </suite> <!-- Default suite -->
</testng-results>
