<?xml version="1.0" encoding="UTF-8"?>
<testng-results ignored="0" total="1" passed="1" failed="0" skipped="0">
  <reporter-output>
  </reporter-output>
  <suite started-at="2025-06-03T16:11:40 IST" name="Default suite" finished-at="2025-06-03T16:11:56 IST" duration-ms="15698">
    <groups>
    </groups>
    <test started-at="2025-06-03T16:11:40 IST" name="Default test" finished-at="2025-06-03T16:11:56 IST" duration-ms="15698">
      <class name="test.NewTest">
        <test-method is-config="true" signature="beforeTest()[pri:0, instance:test.NewTest@4116aac9]" started-at="2025-06-03T16:11:40 IST" name="beforeTest" finished-at="2025-06-03T16:11:45 IST" duration-ms="4229" status="PASS">
          <reporter-output>
          </reporter-output>
        </test-method> <!-- beforeTest -->
        <test-method signature="xpath()[pri:0, instance:test.NewTest@4116aac9]" started-at="2025-06-03T16:11:45 IST" name="xpath" finished-at="2025-06-03T16:11:56 IST" duration-ms="11372" status="PASS">
          <reporter-output>
          </reporter-output>
        </test-method> <!-- xpath -->
      </class> <!-- test.NewTest -->
    </test> <!-- Default test -->
  </suite> <!-- Default suite -->
</testng-results>
